# JRE version: OpenJDK Runtime Environment (7.0_65-b32) (build 1.7.0_65-b32)
# Java VM: OpenJDK 64-Bit Server VM (24.65-b04 mixed mode linux-amd64 compressed oops)
Heap
 PSYoungGen      total 428032K, used 232593K [0x00000007d6c80000, 0x00000007ff500000, 0x0000000800000000)
  eden space 214528K, 100% used [0x00000007d6c80000,0x00000007e3e00000,0x00000007e3e00000)
  from space 213504K, 8% used [0x00000007f2480000,0x00000007f36244d0,0x00000007ff500000)
  to   space 224768K, 0% used [0x00000007e3e00000,0x00000007e3e00000,0x00000007f1980000)
 ParOldGen       total 1350144K, used 1350119K [0x0000000784600000, 0x00000007d6c80000, 0x00000007d6c80000)
  object space 1350144K, 99% used [0x0000000784600000,0x00000007d6c79d48,0x00000007d6c80000)
 PSPermGen       total 21504K, used 3562K [0x000000077a000000, 0x000000077b500000, 0x0000000784600000)
  object space 21504K, 16% used [0x000000077a000000,0x000000077a37aa90,0x000000077b500000)
GC Heap History (10 events):
Event: 4385,148 GC heap after
Heap after GC invocations=257 (full 243):
 PSYoungGen      total 428032K, used 232593K [0x00000007d6c80000, 0x00000007ff500000, 0x0000000800000000)
  eden space 214528K, 99% used [0x00000007d6c80000,0x00000007e3dffff0,0x00000007e3e00000)
  from space 213504K, 8% used [0x00000007f2480000,0x00000007f36244d0,0x00000007ff500000)
  to   space 224768K, 0% used [0x00000007e3e00000,0x00000007e3e00000,0x00000007f1980000)
 ParOldGen       total 1350144K, used 1350111K [0x0000000784600000, 0x00000007d6c80000, 0x00000007d6c80000)
  object space 1350144K, 99% used [0x0000000784600000,0x00000007d6c77f48,0x00000007d6c80000)
 PSPermGen       total 21504K, used 3562K [0x000000077a000000, 0x000000077b500000, 0x0000000784600000)
  object space 21504K, 16% used [0x000000077a000000,0x000000077a37aa90,0x000000077b500000)
}
Event: 4385,159 GC heap before
{Heap before GC invocations=258 (full 244):
 PSYoungGen      total 428032K, used 232593K [0x00000007d6c80000, 0x00000007ff500000, 0x0000000800000000)
  eden space 214528K, 99% used [0x00000007d6c80000,0x00000007e3dffff0,0x00000007e3e00000)
  from space 213504K, 8% used [0x00000007f2480000,0x00000007f36244d0,0x00000007ff500000)
  to   space 224768K, 0% used [0x00000007e3e00000,0x00000007e3e00000,0x00000007f1980000)
 ParOldGen       total 1350144K, used 1350113K [0x0000000784600000, 0x00000007d6c80000, 0x00000007d6c80000)
  object space 1350144K, 99% used [0x0000000784600000,0x00000007d6c78548,0x00000007d6c80000)
 PSPermGen       total 21504K, used 3562K [0x000000077a000000, 0x000000077b500000, 0x0000000784600000)
  object space 21504K, 16% used [0x000000077a000000,0x000000077a37aa90,0x000000077b500000)
Event: 4392,803 GC heap after
Heap after GC invocations=258 (full 244):
 PSYoungGen      total 428032K, used 232593K [0x00000007d6c80000, 0x00000007ff500000, 0x0000000800000000)
  eden space 214528K, 99% used [0x00000007d6c80000,0x00000007e3dffff0,0x00000007e3e00000)
  from space 213504K, 8% used [0x00000007f2480000,0x00000007f36244d0,0x00000007ff500000)
  to   space 224768K, 0% used [0x00000007e3e00000,0x00000007e3e00000,0x00000007f1980000)
 ParOldGen       total 1350144K, used 1350113K [0x0000000784600000, 0x00000007d6c80000, 0x00000007d6c80000)
  object space 1350144K, 99% used [0x0000000784600000,0x00000007d6c78548,0x00000007d6c80000)
 PSPermGen       total 21504K, used 3562K [0x000000077a000000, 0x000000077b500000, 0x0000000784600000)
  object space 21504K, 16% used [0x000000077a000000,0x000000077a37aa90,0x000000077b500000)
}
Event: 4392,804 GC heap before
{Heap before GC invocations=259 (full 245):
 PSYoungGen      total 428032K, used 232593K [0x00000007d6c80000, 0x00000007ff500000, 0x0000000800000000)
  eden space 214528K, 99% used [0x00000007d6c80000,0x00000007e3dffff0,0x00000007e3e00000)
  from space 213504K, 8% used [0x00000007f2480000,0x00000007f36244d0,0x00000007ff500000)
  to   space 224768K, 0% used [0x00000007e3e00000,0x00000007e3e00000,0x00000007f1980000)
 ParOldGen       total 1350144K, used 1350114K [0x0000000784600000, 0x00000007d6c80000, 0x00000007d6c80000)
  object space 1350144K, 99% used [0x0000000784600000,0x00000007d6c78b48,0x00000007d6c80000)
 PSPermGen       total 21504K, used 3562K [0x000000077a000000, 0x000000077b500000, 0x0000000784600000)
  object space 21504K, 16% used [0x000000077a000000,0x000000077a37aa90,0x000000077b500000)
Event: 4401,421 GC heap after
Heap after GC invocations=259 (full 245):
 PSYoungGen      total 428032K, used 232593K [0x00000007d6c80000, 0x00000007ff500000, 0x0000000800000000)
  eden space 214528K, 99% used [0x00000007d6c80000,0x00000007e3dffff0,0x00000007e3e00000)
  from space 213504K, 8% used [0x00000007f2480000,0x00000007f36244d0,0x00000007ff500000)
  to   space 224768K, 0% used [0x00000007e3e00000,0x00000007e3e00000,0x00000007f1980000)
 ParOldGen       total 1350144K, used 1350114K [0x0000000784600000, 0x00000007d6c80000, 0x00000007d6c80000)
  object space 1350144K, 99% used [0x0000000784600000,0x00000007d6c78b48,0x00000007d6c80000)
 PSPermGen       total 21504K, used 3562K [0x000000077a000000, 0x000000077b500000, 0x0000000784600000)
  object space 21504K, 16% used [0x000000077a000000,0x000000077a37aa90,0x000000077b500000)
}
Event: 4401,421 GC heap before
{Heap before GC invocations=260 (full 246):
 PSYoungGen      total 428032K, used 232593K [0x00000007d6c80000, 0x00000007ff500000, 0x0000000800000000)
  eden space 214528K, 99% used [0x00000007d6c80000,0x00000007e3dffff0,0x00000007e3e00000)
  from space 213504K, 8% used [0x00000007f2480000,0x00000007f36244d0,0x00000007ff500000)
  to   space 224768K, 0% used [0x00000007e3e00000,0x00000007e3e00000,0x00000007f1980000)
 ParOldGen       total 1350144K, used 1350116K [0x0000000784600000, 0x00000007d6c80000, 0x00000007d6c80000)
  object space 1350144K, 99% used [0x0000000784600000,0x00000007d6c79148,0x00000007d6c80000)
 PSPermGen       total 21504K, used 3562K [0x000000077a000000, 0x000000077b500000, 0x0000000784600000)
  object space 21504K, 16% used [0x000000077a000000,0x000000077a37aa90,0x000000077b500000)
Event: 4407,906 GC heap after
Heap after GC invocations=260 (full 246):
 PSYoungGen      total 428032K, used 232593K [0x00000007d6c80000, 0x00000007ff500000, 0x0000000800000000)
  eden space 214528K, 99% used [0x00000007d6c80000,0x00000007e3dffff0,0x00000007e3e00000)
  from space 213504K, 8% used [0x00000007f2480000,0x00000007f36244d0,0x00000007ff500000)
  to   space 224768K, 0% used [0x00000007e3e00000,0x00000007e3e00000,0x00000007f1980000)
 ParOldGen       total 1350144K, used 1350116K [0x0000000784600000, 0x00000007d6c80000, 0x00000007d6c80000)
  object space 1350144K, 99% used [0x0000000784600000,0x00000007d6c79148,0x00000007d6c80000)
 PSPermGen       total 21504K, used 3562K [0x000000077a000000, 0x000000077b500000, 0x0000000784600000)
  object space 21504K, 16% used [0x000000077a000000,0x000000077a37aa90,0x000000077b500000)
}
Event: 4407,906 GC heap before
{Heap before GC invocations=261 (full 247):
 PSYoungGen      total 428032K, used 232593K [0x00000007d6c80000, 0x00000007ff500000, 0x0000000800000000)
  eden space 214528K, 99% used [0x00000007d6c80000,0x00000007e3dffff0,0x00000007e3e00000)
  from space 213504K, 8% used [0x00000007f2480000,0x00000007f36244d0,0x00000007ff500000)
  to   space 224768K, 0% used [0x00000007e3e00000,0x00000007e3e00000,0x00000007f1980000)
 ParOldGen       total 1350144K, used 1350117K [0x0000000784600000, 0x00000007d6c80000, 0x00000007d6c80000)
  object space 1350144K, 99% used [0x0000000784600000,0x00000007d6c79748,0x00000007d6c80000)
 PSPermGen       total 21504K, used 3562K [0x000000077a000000, 0x000000077b500000, 0x0000000784600000)
  object space 21504K, 16% used [0x000000077a000000,0x000000077a37aa90,0x000000077b500000)
Event: 4414,382 GC heap after
Heap after GC invocations=261 (full 247):
 PSYoungGen      total 428032K, used 232593K [0x00000007d6c80000, 0x00000007ff500000, 0x0000000800000000)
  eden space 214528K, 99% used [0x00000007d6c80000,0x00000007e3dffff0,0x00000007e3e00000)
  from space 213504K, 8% used [0x00000007f2480000,0x00000007f36244d0,0x00000007ff500000)
  to   space 224768K, 0% used [0x00000007e3e00000,0x00000007e3e00000,0x00000007f1980000)
 ParOldGen       total 1350144K, used 1350117K [0x0000000784600000, 0x00000007d6c80000, 0x00000007d6c80000)
  object space 1350144K, 99% used [0x0000000784600000,0x00000007d6c79748,0x00000007d6c80000)
 PSPermGen       total 21504K, used 3562K [0x000000077a000000, 0x000000077b500000, 0x0000000784600000)
  object space 21504K, 16% used [0x000000077a000000,0x000000077a37aa90,0x000000077b500000)
}
Event: 4414,382 GC heap before
{Heap before GC invocations=262 (full 248):
 PSYoungGen      total 428032K, used 232593K [0x00000007d6c80000, 0x00000007ff500000, 0x0000000800000000)
  eden space 214528K, 100% used [0x00000007d6c80000,0x00000007e3e00000,0x00000007e3e00000)
  from space 213504K, 8% used [0x00000007f2480000,0x00000007f36244d0,0x00000007ff500000)
  to   space 224768K, 0% used [0x00000007e3e00000,0x00000007e3e00000,0x00000007f1980000)
 ParOldGen       total 1350144K, used 1350119K [0x0000000784600000, 0x00000007d6c80000, 0x00000007d6c80000)
  object space 1350144K, 99% used [0x0000000784600000,0x00000007d6c79d48,0x00000007d6c80000)
 PSPermGen       total 21504K, used 3562K [0x000000077a000000, 0x000000077b500000, 0x0000000784600000)
  object space 21504K, 16% used [0x000000077a000000,0x000000077a37aa90,0x000000077b500000)

