# JRE version: OpenJDK Runtime Environment (7.0_65-b32) (build 1.7.0_65-b32)
# Java VM: OpenJDK 64-Bit Server VM (24.65-b04 mixed mode linux-amd64 compressed oops)
Heap
 PSYoungGen      total 402432K, used 223014K [0x00000007d6c80000, 0x00000007fe100000, 0x0000000800000000)
  eden space 177664K, 0% used [0x00000007d6c80000,0x00000007d6c80000,0x00000007e1a00000)
  from space 224768K, 99% used [0x00000007ef580000,0x00000007fcf49800,0x00000007fd100000)
  to   space 224768K, 0% used [0x00000007e1a00000,0x00000007e1a00000,0x00000007ef580000)
 ParOldGen       total 821248K, used 821246K [0x0000000784600000, 0x00000007b6800000, 0x00000007d6c80000)
  object space 821248K, 99% used [0x0000000784600000,0x00000007b67ffb18,0x00000007b6800000)
 PSPermGen       total 21504K, used 3562K [0x000000077a000000, 0x000000077b500000, 0x0000000784600000)
  object space 21504K, 16% used [0x000000077a000000,0x000000077a37ab00,0x000000077b500000)
GC Heap History (10 events):
Event: 55,638 GC heap after
Heap after GC invocations=12 (full 3):
 PSYoungGen      total 316416K, used 214528K [0x00000007d6c80000, 0x00000007fac00000, 0x0000000800000000)
  eden space 101888K, 0% used [0x00000007d6c80000,0x00000007d6c80000,0x00000007dd000000)
  from space 214528K, 100% used [0x00000007dd000000,0x00000007ea180000,0x00000007ea180000)
  to   space 224768K, 0% used [0x00000007ed080000,0x00000007ed080000,0x00000007fac00000)
 ParOldGen       total 505856K, used 456916K [0x0000000784600000, 0x00000007a3400000, 0x00000007d6c80000)
  object space 505856K, 90% used [0x0000000784600000,0x00000007a04350f8,0x00000007a3400000)
 PSPermGen       total 21504K, used 3562K [0x000000077a000000, 0x000000077b500000, 0x0000000784600000)
  object space 21504K, 16% used [0x000000077a000000,0x000000077a37ab00,0x000000077b500000)
}
Event: 55,638 GC heap before
{Heap before GC invocations=13 (full 4):
 PSYoungGen      total 316416K, used 214528K [0x00000007d6c80000, 0x00000007fac00000, 0x0000000800000000)
  eden space 101888K, 0% used [0x00000007d6c80000,0x00000007d6c80000,0x00000007dd000000)
  from space 214528K, 100% used [0x00000007dd000000,0x00000007ea180000,0x00000007ea180000)
  to   space 224768K, 0% used [0x00000007ed080000,0x00000007ed080000,0x00000007fac00000)
 ParOldGen       total 505856K, used 456916K [0x0000000784600000, 0x00000007a3400000, 0x00000007d6c80000)
  object space 505856K, 90% used [0x0000000784600000,0x00000007a04350f8,0x00000007a3400000)
 PSPermGen       total 21504K, used 3562K [0x000000077a000000, 0x000000077b500000, 0x0000000784600000)
  object space 21504K, 16% used [0x000000077a000000,0x000000077a37ab00,0x000000077b500000)
Event: 99,155 GC heap after
Heap after GC invocations=13 (full 4):
 PSYoungGen      total 316416K, used 164703K [0x00000007d6c80000, 0x00000007fac00000, 0x0000000800000000)
  eden space 101888K, 0% used [0x00000007d6c80000,0x00000007d6c80000,0x00000007dd000000)
  from space 214528K, 76% used [0x00000007dd000000,0x00000007e70d7c00,0x00000007ea180000)
  to   space 224768K, 0% used [0x00000007ed080000,0x00000007ed080000,0x00000007fac00000)
 ParOldGen       total 803840K, used 505800K [0x0000000784600000, 0x00000007b5700000, 0x00000007d6c80000)
  object space 803840K, 62% used [0x0000000784600000,0x00000007a33f23b0,0x00000007b5700000)
 PSPermGen       total 21504K, used 3562K [0x000000077a000000, 0x000000077b500000, 0x0000000784600000)
  object space 21504K, 16% used [0x000000077a000000,0x000000077a37ab00,0x000000077b500000)
}
Event: 99,698 GC heap before
{Heap before GC invocations=14 (full 4):
 PSYoungGen      total 316416K, used 266591K [0x00000007d6c80000, 0x00000007fac00000, 0x0000000800000000)
  eden space 101888K, 100% used [0x00000007d6c80000,0x00000007dd000000,0x00000007dd000000)
  from space 214528K, 76% used [0x00000007dd000000,0x00000007e70d7c00,0x00000007ea180000)
  to   space 224768K, 0% used [0x00000007ed080000,0x00000007ed080000,0x00000007fac00000)
 ParOldGen       total 803840K, used 505800K [0x0000000784600000, 0x00000007b5700000, 0x00000007d6c80000)
  object space 803840K, 62% used [0x0000000784600000,0x00000007a33f23b0,0x00000007b5700000)
 PSPermGen       total 21504K, used 3562K [0x000000077a000000, 0x000000077b500000, 0x0000000784600000)
  object space 21504K, 16% used [0x000000077a000000,0x000000077a37ab00,0x000000077b500000)
Event: 104,519 GC heap after
Heap after GC invocations=14 (full 4):
 PSYoungGen      total 356864K, used 224768K [0x00000007d6c80000, 0x00000007fac00000, 0x0000000800000000)
  eden space 132096K, 0% used [0x00000007d6c80000,0x00000007d6c80000,0x00000007ded80000)
  from space 224768K, 100% used [0x00000007ed080000,0x00000007fac00000,0x00000007fac00000)
  to   space 224768K, 0% used [0x00000007df500000,0x00000007df500000,0x00000007ed080000)
 ParOldGen       total 803840K, used 548008K [0x0000000784600000, 0x00000007b5700000, 0x00000007d6c80000)
  object space 803840K, 68% used [0x0000000784600000,0x00000007a5d2a3b0,0x00000007b5700000)
 PSPermGen       total 21504K, used 3562K [0x000000077a000000, 0x000000077b500000, 0x0000000784600000)
  object space 21504K, 16% used [0x000000077a000000,0x000000077a37ab00,0x000000077b500000)
}
Event: 105,116 GC heap before
{Heap before GC invocations=15 (full 4):
 PSYoungGen      total 356864K, used 356864K [0x00000007d6c80000, 0x00000007fac00000, 0x0000000800000000)
  eden space 132096K, 100% used [0x00000007d6c80000,0x00000007ded80000,0x00000007ded80000)
  from space 224768K, 100% used [0x00000007ed080000,0x00000007fac00000,0x00000007fac00000)
  to   space 224768K, 0% used [0x00000007df500000,0x00000007df500000,0x00000007ed080000)
 ParOldGen       total 803840K, used 548008K [0x0000000784600000, 0x00000007b5700000, 0x00000007d6c80000)
  object space 803840K, 68% used [0x0000000784600000,0x00000007a5d2a3b0,0x00000007b5700000)
 PSPermGen       total 21504K, used 3562K [0x000000077a000000, 0x000000077b500000, 0x0000000784600000)
  object space 21504K, 16% used [0x000000077a000000,0x000000077a37ab00,0x000000077b500000)
Event: 108,107 GC heap after
Heap after GC invocations=15 (full 4):
 PSYoungGen      total 364544K, used 224768K [0x00000007d6c80000, 0x00000007fd100000, 0x0000000800000000)
  eden space 139776K, 0% used [0x00000007d6c80000,0x00000007d6c80000,0x00000007df500000)
  from space 224768K, 100% used [0x00000007df500000,0x00000007ed080000,0x00000007ed080000)
  to   space 224768K, 0% used [0x00000007ef580000,0x00000007ef580000,0x00000007fd100000)
 ParOldGen       total 803840K, used 680624K [0x0000000784600000, 0x00000007b5700000, 0x00000007d6c80000)
  object space 803840K, 84% used [0x0000000784600000,0x00000007adeac3b0,0x00000007b5700000)
 PSPermGen       total 21504K, used 3562K [0x000000077a000000, 0x000000077b500000, 0x0000000784600000)
  object space 21504K, 16% used [0x000000077a000000,0x000000077a37ab00,0x000000077b500000)
}
Event: 108,698 GC heap before
{Heap before GC invocations=16 (full 4):
 PSYoungGen      total 364544K, used 364544K [0x00000007d6c80000, 0x00000007fd100000, 0x0000000800000000)
  eden space 139776K, 100% used [0x00000007d6c80000,0x00000007df500000,0x00000007df500000)
  from space 224768K, 100% used [0x00000007df500000,0x00000007ed080000,0x00000007ed080000)
  to   space 224768K, 0% used [0x00000007ef580000,0x00000007ef580000,0x00000007fd100000)
 ParOldGen       total 803840K, used 680624K [0x0000000784600000, 0x00000007b5700000, 0x00000007d6c80000)
  object space 803840K, 84% used [0x0000000784600000,0x00000007adeac3b0,0x00000007b5700000)
 PSPermGen       total 21504K, used 3562K [0x000000077a000000, 0x000000077b500000, 0x0000000784600000)
  object space 21504K, 16% used [0x000000077a000000,0x000000077a37ab00,0x000000077b500000)
Event: 112,349 GC heap after
Heap after GC invocations=16 (full 4):
 PSYoungGen      total 402432K, used 224768K [0x00000007d6c80000, 0x00000007fe100000, 0x0000000800000000)
  eden space 177664K, 0% used [0x00000007d6c80000,0x00000007d6c80000,0x00000007e1a00000)
  from space 224768K, 100% used [0x00000007ef580000,0x00000007fd100000,0x00000007fd100000)
  to   space 224768K, 0% used [0x00000007e1a00000,0x00000007e1a00000,0x00000007ef580000)
 ParOldGen       total 821248K, used 820960K [0x0000000784600000, 0x00000007b6800000, 0x00000007d6c80000)
  object space 821248K, 99% used [0x0000000784600000,0x00000007b67b83b0,0x00000007b6800000)
 PSPermGen       total 21504K, used 3562K [0x000000077a000000, 0x000000077b500000, 0x0000000784600000)
  object space 21504K, 16% used [0x000000077a000000,0x000000077a37ab00,0x000000077b500000)
}
Event: 112,349 GC heap before
{Heap before GC invocations=17 (full 5):
 PSYoungGen      total 402432K, used 224768K [0x00000007d6c80000, 0x00000007fe100000, 0x0000000800000000)
  eden space 177664K, 0% used [0x00000007d6c80000,0x00000007d6c80000,0x00000007e1a00000)
  from space 224768K, 100% used [0x00000007ef580000,0x00000007fd100000,0x00000007fd100000)
  to   space 224768K, 0% used [0x00000007e1a00000,0x00000007e1a00000,0x00000007ef580000)
 ParOldGen       total 821248K, used 820960K [0x0000000784600000, 0x00000007b6800000, 0x00000007d6c80000)
  object space 821248K, 99% used [0x0000000784600000,0x00000007b67b83b0,0x00000007b6800000)
 PSPermGen       total 21504K, used 3562K [0x000000077a000000, 0x000000077b500000, 0x0000000784600000)
  object space 21504K, 16% used [0x000000077a000000,0x000000077a37ab00,0x000000077b500000)

